# JRE version: OpenJDK Runtime Environment (8.0_152-b01) (build 1.8.0_152-release-915-b01)
# Java VM: OpenJDK 64-Bit Server VM (25.152-b01 mixed mode windows-amd64 compressed oops)
Heap:
 PSYoungGen      total 367104K, used 91644K [0x00000000e0000000, 0x0000000100000000, 0x0000000100000000)
  eden space 275456K, 0% used [0x00000000e0000000,0x00000000e0000000,0x00000000f0d00000)
  from space 91648K, 99% used [0x00000000f0d00000,0x00000000f667f320,0x00000000f6680000)
  to   space 133632K, 0% used [0x00000000f7d80000,0x00000000f7d80000,0x0000000100000000)
 ParOldGen       total 271872K, used 245493K [0x00000000a0000000, 0x00000000b0980000, 0x00000000e0000000)
  object space 271872K, 90% used [0x00000000a0000000,0x00000000aefbd5a0,0x00000000b0980000)
 Metaspace       used 91770K, capacity 95182K, committed 95360K, reserved 1132544K
  class space    used 11246K, capacity 12045K, committed 12160K, reserved 1048576K
GC Heap History (10 events):
Event: 11.333 GC heap after
Heap after GC invocations=16 (full 3):
 PSYoungGen      total 301056K, used 69064K [0x00000000e0000000, 0x00000000fb200000, 0x0000000100000000)
  eden space 230912K, 0% used [0x00000000e0000000,0x00000000e0000000,0x00000000ee180000)
  from space 70144K, 98% used [0x00000000ee180000,0x00000000f24f2148,0x00000000f2600000)
  to   space 81408K, 0% used [0x00000000f6280000,0x00000000f6280000,0x00000000fb200000)
 ParOldGen       total 271872K, used 161376K [0x00000000a0000000, 0x00000000b0980000, 0x00000000e0000000)
  object space 271872K, 59% used [0x00000000a0000000,0x00000000a9d98290,0x00000000b0980000)
 Metaspace       used 77379K, capacity 80314K, committed 80512K, reserved 1120256K
  class space    used 9895K, capacity 10543K, committed 10624K, reserved 1048576K
}
Event: 242.679 GC heap before
{Heap before GC invocations=17 (full 3):
 PSYoungGen      total 301056K, used 299976K [0x00000000e0000000, 0x00000000fb200000, 0x0000000100000000)
  eden space 230912K, 100% used [0x00000000e0000000,0x00000000ee180000,0x00000000ee180000)
  from space 70144K, 98% used [0x00000000ee180000,0x00000000f24f2148,0x00000000f2600000)
  to   space 81408K, 0% used [0x00000000f6280000,0x00000000f6280000,0x00000000fb200000)
 ParOldGen       total 271872K, used 161376K [0x00000000a0000000, 0x00000000b0980000, 0x00000000e0000000)
  object space 271872K, 59% used [0x00000000a0000000,0x00000000a9d98290,0x00000000b0980000)
 Metaspace       used 81249K, capacity 84446K, committed 84480K, reserved 1122304K
  class space    used 10283K, capacity 10991K, committed 11008K, reserved 1048576K
Event: 242.704 GC heap after
Heap after GC invocations=17 (full 3):
 PSYoungGen      total 340480K, used 38057K [0x00000000e0000000, 0x00000000fa480000, 0x0000000100000000)
  eden space 272896K, 0% used [0x00000000e0000000,0x00000000e0000000,0x00000000f0a80000)
  from space 67584K, 56% used [0x00000000f6280000,0x00000000f87aa6e0,0x00000000fa480000)
  to   space 78848K, 0% used [0x00000000f0a80000,0x00000000f0a80000,0x00000000f5780000)
 ParOldGen       total 271872K, used 161384K [0x00000000a0000000, 0x00000000b0980000, 0x00000000e0000000)
  object space 271872K, 59% used [0x00000000a0000000,0x00000000a9d9a290,0x00000000b0980000)
 Metaspace       used 81249K, capacity 84446K, committed 84480K, reserved 1122304K
  class space    used 10283K, capacity 10991K, committed 11008K, reserved 1048576K
}
Event: 244.663 GC heap before
{Heap before GC invocations=18 (full 3):
 PSYoungGen      total 340480K, used 310953K [0x00000000e0000000, 0x00000000fa480000, 0x0000000100000000)
  eden space 272896K, 100% used [0x00000000e0000000,0x00000000f0a80000,0x00000000f0a80000)
  from space 67584K, 56% used [0x00000000f6280000,0x00000000f87aa6e0,0x00000000fa480000)
  to   space 78848K, 0% used [0x00000000f0a80000,0x00000000f0a80000,0x00000000f5780000)
 ParOldGen       total 271872K, used 161384K [0x00000000a0000000, 0x00000000b0980000, 0x00000000e0000000)
  object space 271872K, 59% used [0x00000000a0000000,0x00000000a9d9a290,0x00000000b0980000)
 Metaspace       used 86953K, capacity 90434K, committed 90624K, reserved 1128448K
  class space    used 10930K, capacity 11723K, committed 11776K, reserved 1048576K
Event: 244.700 GC heap after
Heap after GC invocations=18 (full 3):
 PSYoungGen      total 351744K, used 78822K [0x00000000e0000000, 0x00000000fef80000, 0x0000000100000000)
  eden space 272896K, 0% used [0x00000000e0000000,0x00000000e0000000,0x00000000f0a80000)
  from space 78848K, 99% used [0x00000000f0a80000,0x00000000f57798c0,0x00000000f5780000)
  to   space 91648K, 0% used [0x00000000f9600000,0x00000000f9600000,0x00000000fef80000)
 ParOldGen       total 271872K, used 161626K [0x00000000a0000000, 0x00000000b0980000, 0x00000000e0000000)
  object space 271872K, 59% used [0x00000000a0000000,0x00000000a9dd6808,0x00000000b0980000)
 Metaspace       used 86953K, capacity 90434K, committed 90624K, reserved 1128448K
  class space    used 10930K, capacity 11723K, committed 11776K, reserved 1048576K
}
Event: 245.809 GC heap before
{Heap before GC invocations=19 (full 3):
 PSYoungGen      total 351744K, used 351718K [0x00000000e0000000, 0x00000000fef80000, 0x0000000100000000)
  eden space 272896K, 100% used [0x00000000e0000000,0x00000000f0a80000,0x00000000f0a80000)
  from space 78848K, 99% used [0x00000000f0a80000,0x00000000f57798c0,0x00000000f5780000)
  to   space 91648K, 0% used [0x00000000f9600000,0x00000000f9600000,0x00000000fef80000)
 ParOldGen       total 271872K, used 161626K [0x00000000a0000000, 0x00000000b0980000, 0x00000000e0000000)
  object space 271872K, 59% used [0x00000000a0000000,0x00000000a9dd6808,0x00000000b0980000)
 Metaspace       used 90264K, capacity 93678K, committed 93952K, reserved 1130496K
  class space    used 11165K, capacity 11949K, committed 12032K, reserved 1048576K
Event: 245.885 GC heap after
Heap after GC invocations=19 (full 3):
 PSYoungGen      total 367104K, used 91636K [0x00000000e0000000, 0x0000000100000000, 0x0000000100000000)
  eden space 275456K, 0% used [0x00000000e0000000,0x00000000e0000000,0x00000000f0d00000)
  from space 91648K, 99% used [0x00000000f9600000,0x00000000fef7d310,0x00000000fef80000)
  to   space 124416K, 0% used [0x00000000f0d00000,0x00000000f0d00000,0x00000000f8680000)
 ParOldGen       total 271872K, used 209856K [0x00000000a0000000, 0x00000000b0980000, 0x00000000e0000000)
  object space 271872K, 77% used [0x00000000a0000000,0x00000000accf0010,0x00000000b0980000)
 Metaspace       used 90264K, capacity 93678K, committed 93952K, reserved 1130496K
  class space    used 11165K, capacity 11949K, committed 12032K, reserved 1048576K
}
Event: 251.126 GC heap before
{Heap before GC invocations=20 (full 3):
 PSYoungGen      total 367104K, used 367092K [0x00000000e0000000, 0x0000000100000000, 0x0000000100000000)
  eden space 275456K, 100% used [0x00000000e0000000,0x00000000f0d00000,0x00000000f0d00000)
  from space 91648K, 99% used [0x00000000f9600000,0x00000000fef7d310,0x00000000fef80000)
  to   space 124416K, 0% used [0x00000000f0d00000,0x00000000f0d00000,0x00000000f8680000)
 ParOldGen       total 271872K, used 209856K [0x00000000a0000000, 0x00000000b0980000, 0x00000000e0000000)
  object space 271872K, 77% used [0x00000000a0000000,0x00000000accf0010,0x00000000b0980000)
 Metaspace       used 91770K, capacity 95182K, committed 95360K, reserved 1132544K
  class space    used 11246K, capacity 12045K, committed 12160K, reserved 1048576K
Event: 251.194 GC heap after
Heap after GC invocations=20 (full 3):
 PSYoungGen      total 367104K, used 91644K [0x00000000e0000000, 0x0000000100000000, 0x0000000100000000)
  eden space 275456K, 0% used [0x00000000e0000000,0x00000000e0000000,0x00000000f0d00000)
  from space 91648K, 99% used [0x00000000f0d00000,0x00000000f667f320,0x00000000f6680000)
  to   space 133632K, 0% used [0x00000000f7d80000,0x00000000f7d80000,0x0000000100000000)
 ParOldGen       total 271872K, used 245493K [0x00000000a0000000, 0x00000000b0980000, 0x00000000e0000000)
  object space 271872K, 90% used [0x00000000a0000000,0x00000000aefbd5a0,0x00000000b0980000)
 Metaspace       used 91770K, capacity 95182K, committed 95360K, reserved 1132544K
  class space    used 11246K, capacity 12045K, committed 12160K, reserved 1048576K
}
Event: 251.194 GC heap before
{Heap before GC invocations=21 (full 4):
 PSYoungGen      total 367104K, used 91644K [0x00000000e0000000, 0x0000000100000000, 0x0000000100000000)
  eden space 275456K, 0% used [0x00000000e0000000,0x00000000e0000000,0x00000000f0d00000)
  from space 91648K, 99% used [0x00000000f0d00000,0x00000000f667f320,0x00000000f6680000)
  to   space 133632K, 0% used [0x00000000f7d80000,0x00000000f7d80000,0x0000000100000000)
 ParOldGen       total 271872K, used 245493K [0x00000000a0000000, 0x00000000b0980000, 0x00000000e0000000)
  object space 271872K, 90% used [0x00000000a0000000,0x00000000aefbd5a0,0x00000000b0980000)
 Metaspace       used 91770K, capacity 95182K, committed 95360K, reserved 1132544K
  class space    used 11246K, capacity 12045K, committed 12160K, reserved 1048576K

