# JRE version: OpenJDK Runtime Environment (8.0_152-b01) (build 1.8.0_152-release-915-b01)
# Java VM: OpenJDK 64-Bit Server VM (25.152-b01 mixed mode windows-amd64 compressed oops)
Heap:
 PSYoungGen      total 402432K, used 128747K [0x00000000e0000000, 0x0000000100000000, 0x0000000100000000)
  eden space 276480K, 26% used [0x00000000e0000000,0x00000000e47d2230,0x00000000f0e00000)
  from space 125952K, 43% used [0x00000000f8500000,0x00000000fbae8b18,0x0000000100000000)
  to   space 121856K, 0% used [0x00000000f0e00000,0x00000000f0e00000,0x00000000f8500000)
 ParOldGen       total 723968K, used 612809K [0x00000000a0000000, 0x00000000cc300000, 0x00000000e0000000)
  object space 723968K, 84% used [0x00000000a0000000,0x00000000c5672718,0x00000000cc300000)
 Metaspace       used 118580K, capacity 128152K, committed 129792K, reserved 1163264K
  class space    used 13812K, capacity 16051K, committed 16128K, reserved 1048576K
GC Heap History (10 events):
Event: 8761.842 GC heap before
{Heap before GC invocations=211 (full 11):
 PSYoungGen      total 395264K, used 274950K [0x00000000e0000000, 0x0000000100000000, 0x0000000100000000)
  eden space 266240K, 99% used [0x00000000e0000000,0x00000000f03a8b70,0x00000000f0400000)
  from space 129024K, 7% used [0x00000000f0400000,0x00000000f0cd8ff8,0x00000000f8200000)
  to   space 127488K, 0% used [0x00000000f8380000,0x00000000f8380000,0x0000000100000000)
 ParOldGen       total 723968K, used 474809K [0x00000000a0000000, 0x00000000cc300000, 0x00000000e0000000)
  object space 723968K, 65% used [0x00000000a0000000,0x00000000bcfae458,0x00000000cc300000)
 Metaspace       used 115638K, capacity 125064K, committed 129792K, reserved 1163264K
  class space    used 13540K, capacity 15745K, committed 16128K, reserved 1048576K
Event: 8761.851 GC heap after
Heap after GC invocations=211 (full 11):
 PSYoungGen      total 381440K, used 30088K [0x00000000e0000000, 0x00000000ff280000, 0x0000000100000000)
  eden space 267776K, 0% used [0x00000000e0000000,0x00000000e0000000,0x00000000f0580000)
  from space 113664K, 26% used [0x00000000f8380000,0x00000000fa0e2370,0x00000000ff280000)
  to   space 121344K, 0% used [0x00000000f0580000,0x00000000f0580000,0x00000000f7c00000)
 ParOldGen       total 723968K, used 482607K [0x00000000a0000000, 0x00000000cc300000, 0x00000000e0000000)
  object space 723968K, 66% used [0x00000000a0000000,0x00000000bd74bec8,0x00000000cc300000)
 Metaspace       used 115638K, capacity 125064K, committed 129792K, reserved 1163264K
  class space    used 13540K, capacity 15745K, committed 16128K, reserved 1048576K
}
Event: 8819.489 GC heap before
{Heap before GC invocations=212 (full 11):
 PSYoungGen      total 381440K, used 297864K [0x00000000e0000000, 0x00000000ff280000, 0x0000000100000000)
  eden space 267776K, 100% used [0x00000000e0000000,0x00000000f0580000,0x00000000f0580000)
  from space 113664K, 26% used [0x00000000f8380000,0x00000000fa0e2370,0x00000000ff280000)
  to   space 121344K, 0% used [0x00000000f0580000,0x00000000f0580000,0x00000000f7c00000)
 ParOldGen       total 723968K, used 482607K [0x00000000a0000000, 0x00000000cc300000, 0x00000000e0000000)
  object space 723968K, 66% used [0x00000000a0000000,0x00000000bd74bec8,0x00000000cc300000)
 Metaspace       used 115742K, capacity 125312K, committed 129792K, reserved 1163264K
  class space    used 13551K, capacity 15785K, committed 16128K, reserved 1048576K
Event: 8819.497 GC heap after
Heap after GC invocations=212 (full 11):
 PSYoungGen      total 389120K, used 12506K [0x00000000e0000000, 0x0000000100000000, 0x0000000100000000)
  eden space 267776K, 0% used [0x00000000e0000000,0x00000000e0000000,0x00000000f0580000)
  from space 121344K, 10% used [0x00000000f0580000,0x00000000f11b6a40,0x00000000f7c00000)
  to   space 118272K, 0% used [0x00000000f8c80000,0x00000000f8c80000,0x0000000100000000)
 ParOldGen       total 723968K, used 483191K [0x00000000a0000000, 0x00000000cc300000, 0x00000000e0000000)
  object space 723968K, 66% used [0x00000000a0000000,0x00000000bd7ddf08,0x00000000cc300000)
 Metaspace       used 115742K, capacity 125312K, committed 129792K, reserved 1163264K
  class space    used 13551K, capacity 15785K, committed 16128K, reserved 1048576K
}
Event: 8820.398 GC heap before
{Heap before GC invocations=213 (full 11):
 PSYoungGen      total 389120K, used 280282K [0x00000000e0000000, 0x0000000100000000, 0x0000000100000000)
  eden space 267776K, 100% used [0x00000000e0000000,0x00000000f0580000,0x00000000f0580000)
  from space 121344K, 10% used [0x00000000f0580000,0x00000000f11b6a40,0x00000000f7c00000)
  to   space 118272K, 0% used [0x00000000f8c80000,0x00000000f8c80000,0x0000000100000000)
 ParOldGen       total 723968K, used 483191K [0x00000000a0000000, 0x00000000cc300000, 0x00000000e0000000)
  object space 723968K, 66% used [0x00000000a0000000,0x00000000bd7ddf08,0x00000000cc300000)
 Metaspace       used 116520K, capacity 126156K, committed 129792K, reserved 1163264K
  class space    used 13665K, capacity 15921K, committed 16128K, reserved 1048576K
Event: 8820.431 GC heap after
Heap after GC invocations=213 (full 11):
 PSYoungGen      total 400896K, used 61954K [0x00000000e0000000, 0x00000000ffe00000, 0x0000000100000000)
  eden space 284672K, 0% used [0x00000000e0000000,0x00000000e0000000,0x00000000f1600000)
  from space 116224K, 53% used [0x00000000f8c80000,0x00000000fc900928,0x00000000ffe00000)
  to   space 118784K, 0% used [0x00000000f1600000,0x00000000f1600000,0x00000000f8a00000)
 ParOldGen       total 723968K, used 492490K [0x00000000a0000000, 0x00000000cc300000, 0x00000000e0000000)
  object space 723968K, 68% used [0x00000000a0000000,0x00000000be0f29b0,0x00000000cc300000)
 Metaspace       used 116520K, capacity 126156K, committed 129792K, reserved 1163264K
  class space    used 13665K, capacity 15921K, committed 16128K, reserved 1048576K
}
Event: 8821.940 GC heap before
{Heap before GC invocations=214 (full 11):
 PSYoungGen      total 400896K, used 346626K [0x00000000e0000000, 0x00000000ffe00000, 0x0000000100000000)
  eden space 284672K, 100% used [0x00000000e0000000,0x00000000f1600000,0x00000000f1600000)
  from space 116224K, 53% used [0x00000000f8c80000,0x00000000fc900928,0x00000000ffe00000)
  to   space 118784K, 0% used [0x00000000f1600000,0x00000000f1600000,0x00000000f8a00000)
 ParOldGen       total 723968K, used 492490K [0x00000000a0000000, 0x00000000cc300000, 0x00000000e0000000)
  object space 723968K, 68% used [0x00000000a0000000,0x00000000be0f29b0,0x00000000cc300000)
 Metaspace       used 118573K, capacity 128152K, committed 129792K, reserved 1163264K
  class space    used 13812K, capacity 16051K, committed 16128K, reserved 1048576K
Event: 8821.982 GC heap after
Heap after GC invocations=214 (full 11):
 PSYoungGen      total 366592K, used 81891K [0x00000000e0000000, 0x0000000100000000, 0x0000000100000000)
  eden space 284672K, 0% used [0x00000000e0000000,0x00000000e0000000,0x00000000f1600000)
  from space 81920K, 99% used [0x00000000f1600000,0x00000000f65f8cf0,0x00000000f6600000)
  to   space 125952K, 0% used [0x00000000f8500000,0x00000000f8500000,0x0000000100000000)
 ParOldGen       total 723968K, used 544054K [0x00000000a0000000, 0x00000000cc300000, 0x00000000e0000000)
  object space 723968K, 75% used [0x00000000a0000000,0x00000000c134db38,0x00000000cc300000)
 Metaspace       used 118573K, capacity 128152K, committed 129792K, reserved 1163264K
  class space    used 13812K, capacity 16051K, committed 16128K, reserved 1048576K
}
Event: 8824.772 GC heap before
{Heap before GC invocations=215 (full 11):
 PSYoungGen      total 366592K, used 366563K [0x00000000e0000000, 0x0000000100000000, 0x0000000100000000)
  eden space 284672K, 100% used [0x00000000e0000000,0x00000000f1600000,0x00000000f1600000)
  from space 81920K, 99% used [0x00000000f1600000,0x00000000f65f8cf0,0x00000000f6600000)
  to   space 125952K, 0% used [0x00000000f8500000,0x00000000f8500000,0x0000000100000000)
 ParOldGen       total 723968K, used 544054K [0x00000000a0000000, 0x00000000cc300000, 0x00000000e0000000)
  object space 723968K, 75% used [0x00000000a0000000,0x00000000c134db38,0x00000000cc300000)
 Metaspace       used 118579K, capacity 128152K, committed 129792K, reserved 1163264K
  class space    used 13812K, capacity 16051K, committed 16128K, reserved 1048576K
Event: 8824.814 GC heap after
Heap after GC invocations=215 (full 11):
 PSYoungGen      total 402432K, used 55202K [0x00000000e0000000, 0x0000000100000000, 0x0000000100000000)
  eden space 276480K, 0% used [0x00000000e0000000,0x00000000e0000000,0x00000000f0e00000)
  from space 125952K, 43% used [0x00000000f8500000,0x00000000fbae8b18,0x0000000100000000)
  to   space 121856K, 0% used [0x00000000f0e00000,0x00000000f0e00000,0x00000000f8500000)
 ParOldGen       total 723968K, used 612809K [0x00000000a0000000, 0x00000000cc300000, 0x00000000e0000000)
  object space 723968K, 84% used [0x00000000a0000000,0x00000000c5672718,0x00000000cc300000)
 Metaspace       used 118579K, capacity 128152K, committed 129792K, reserved 1163264K
  class space    used 13812K, capacity 16051K, committed 16128K, reserved 1048576K
}

