# JRE version: OpenJDK Runtime Environment (8.0_152-b01) (build 1.8.0_152-release-915-b01)
# Java VM: OpenJDK 64-Bit Server VM (25.152-b01 mixed mode windows-amd64 compressed oops)
Heap:
 PSYoungGen      total 407552K, used 110228K [0x00000000e0000000, 0x0000000100000000, 0x0000000100000000)
  eden space 285696K, 38% used [0x00000000e0000000,0x00000000e6ba52e0,0x00000000f1700000)
  from space 121856K, 0% used [0x00000000f8900000,0x00000000f8900000,0x0000000100000000)
  to   space 116736K, 0% used [0x00000000f1700000,0x00000000f1700000,0x00000000f8900000)
 ParOldGen       total 515072K, used 110011K [0x00000000a0000000, 0x00000000bf700000, 0x00000000e0000000)
  object space 515072K, 21% used [0x00000000a0000000,0x00000000a6b6ef28,0x00000000bf700000)
 Metaspace       used 111010K, capacity 119232K, committed 128660K, reserved 1161216K
  class space    used 13174K, capacity 15028K, committed 16020K, reserved 1048576K
GC Heap History (10 events):
Event: 10474.407 GC heap before
{Heap before GC invocations=146 (full 11):
 PSYoungGen      total 409600K, used 327427K [0x00000000e0000000, 0x0000000100000000, 0x0000000100000000)
  eden space 291328K, 100% used [0x00000000e0000000,0x00000000f1c80000,0x00000000f1c80000)
  from space 118272K, 30% used [0x00000000f8c80000,0x00000000fafc0ec8,0x0000000100000000)
  to   space 114688K, 0% used [0x00000000f1c80000,0x00000000f1c80000,0x00000000f8c80000)
 ParOldGen       total 598528K, used 391373K [0x00000000a0000000, 0x00000000c4880000, 0x00000000e0000000)
  object space 598528K, 65% used [0x00000000a0000000,0x00000000b7e337f8,0x00000000c4880000)
 Metaspace       used 117066K, capacity 125684K, committed 128404K, reserved 1161216K
  class space    used 13772K, capacity 15700K, committed 16020K, reserved 1048576K
Event: 10474.432 GC heap after
Heap after GC invocations=146 (full 11):
 PSYoungGen      total 406016K, used 3326K [0x00000000e0000000, 0x00000000fff80000, 0x0000000100000000)
  eden space 291328K, 0% used [0x00000000e0000000,0x00000000e0000000,0x00000000f1c80000)
  from space 114688K, 2% used [0x00000000f1c80000,0x00000000f1fbf8d8,0x00000000f8c80000)
  to   space 116224K, 0% used [0x00000000f8e00000,0x00000000f8e00000,0x00000000fff80000)
 ParOldGen       total 598528K, used 391542K [0x00000000a0000000, 0x00000000c4880000, 0x00000000e0000000)
  object space 598528K, 65% used [0x00000000a0000000,0x00000000b7e5d818,0x00000000c4880000)
 Metaspace       used 117066K, capacity 125684K, committed 128404K, reserved 1161216K
  class space    used 13772K, capacity 15700K, committed 16020K, reserved 1048576K
}
Event: 10475.611 GC heap before
{Heap before GC invocations=147 (full 11):
 PSYoungGen      total 406016K, used 294654K [0x00000000e0000000, 0x00000000fff80000, 0x0000000100000000)
  eden space 291328K, 100% used [0x00000000e0000000,0x00000000f1c80000,0x00000000f1c80000)
  from space 114688K, 2% used [0x00000000f1c80000,0x00000000f1fbf8d8,0x00000000f8c80000)
  to   space 116224K, 0% used [0x00000000f8e00000,0x00000000f8e00000,0x00000000fff80000)
 ParOldGen       total 598528K, used 391542K [0x00000000a0000000, 0x00000000c4880000, 0x00000000e0000000)
  object space 598528K, 65% used [0x00000000a0000000,0x00000000b7e5d818,0x00000000c4880000)
 Metaspace       used 117848K, capacity 126532K, committed 128404K, reserved 1161216K
  class space    used 13883K, capacity 15836K, committed 16020K, reserved 1048576K
Event: 10475.638 GC heap after
Heap after GC invocations=147 (full 11):
 PSYoungGen      total 407552K, used 65446K [0x00000000e0000000, 0x0000000100000000, 0x0000000100000000)
  eden space 291328K, 0% used [0x00000000e0000000,0x00000000e0000000,0x00000000f1c80000)
  from space 116224K, 56% used [0x00000000f8e00000,0x00000000fcde9be0,0x00000000fff80000)
  to   space 116224K, 0% used [0x00000000f1c80000,0x00000000f1c80000,0x00000000f8e00000)
 ParOldGen       total 598528K, used 393793K [0x00000000a0000000, 0x00000000c4880000, 0x00000000e0000000)
  object space 598528K, 65% used [0x00000000a0000000,0x00000000b80905a8,0x00000000c4880000)
 Metaspace       used 117848K, capacity 126532K, committed 128404K, reserved 1161216K
  class space    used 13883K, capacity 15836K, committed 16020K, reserved 1048576K
}
Event: 10476.760 GC heap before
{Heap before GC invocations=148 (full 11):
 PSYoungGen      total 407552K, used 356774K [0x00000000e0000000, 0x0000000100000000, 0x0000000100000000)
  eden space 291328K, 100% used [0x00000000e0000000,0x00000000f1c80000,0x00000000f1c80000)
  from space 116224K, 56% used [0x00000000f8e00000,0x00000000fcde9be0,0x00000000fff80000)
  to   space 116224K, 0% used [0x00000000f1c80000,0x00000000f1c80000,0x00000000f8e00000)
 ParOldGen       total 598528K, used 393793K [0x00000000a0000000, 0x00000000c4880000, 0x00000000e0000000)
  object space 598528K, 65% used [0x00000000a0000000,0x00000000b80905a8,0x00000000c4880000)
 Metaspace       used 119962K, capacity 128592K, committed 128660K, reserved 1161216K
  class space    used 14033K, capacity 15966K, committed 16020K, reserved 1048576K
Event: 10476.813 GC heap after
Heap after GC invocations=148 (full 11):
 PSYoungGen      total 373248K, used 81878K [0x00000000e0000000, 0x0000000100000000, 0x0000000100000000)
  eden space 291328K, 0% used [0x00000000e0000000,0x00000000e0000000,0x00000000f1c80000)
  from space 81920K, 99% used [0x00000000f1c80000,0x00000000f6c75838,0x00000000f6c80000)
  to   space 121856K, 0% used [0x00000000f8900000,0x00000000f8900000,0x0000000100000000)
 ParOldGen       total 598528K, used 449009K [0x00000000a0000000, 0x00000000c4880000, 0x00000000e0000000)
  object space 598528K, 75% used [0x00000000a0000000,0x00000000bb67c7d0,0x00000000c4880000)
 Metaspace       used 119962K, capacity 128592K, committed 128660K, reserved 1161216K
  class space    used 14033K, capacity 15966K, committed 16020K, reserved 1048576K
}
Event: 10480.671 GC heap before
{Heap before GC invocations=149 (full 11):
 PSYoungGen      total 373248K, used 373206K [0x00000000e0000000, 0x0000000100000000, 0x0000000100000000)
  eden space 291328K, 100% used [0x00000000e0000000,0x00000000f1c80000,0x00000000f1c80000)
  from space 81920K, 99% used [0x00000000f1c80000,0x00000000f6c75838,0x00000000f6c80000)
  to   space 121856K, 0% used [0x00000000f8900000,0x00000000f8900000,0x0000000100000000)
 ParOldGen       total 598528K, used 449009K [0x00000000a0000000, 0x00000000c4880000, 0x00000000e0000000)
  object space 598528K, 75% used [0x00000000a0000000,0x00000000bb67c7d0,0x00000000c4880000)
 Metaspace       used 119966K, capacity 128592K, committed 128660K, reserved 1161216K
  class space    used 14033K, capacity 15966K, committed 16020K, reserved 1048576K
Event: 10480.718 GC heap after
Heap after GC invocations=149 (full 11):
 PSYoungGen      total 407552K, used 41683K [0x00000000e0000000, 0x0000000100000000, 0x0000000100000000)
  eden space 285696K, 0% used [0x00000000e0000000,0x00000000e0000000,0x00000000f1700000)
  from space 121856K, 34% used [0x00000000f8900000,0x00000000fb1b4d60,0x0000000100000000)
  to   space 116736K, 0% used [0x00000000f1700000,0x00000000f1700000,0x00000000f8900000)
 ParOldGen       total 598528K, used 518382K [0x00000000a0000000, 0x00000000c4880000, 0x00000000e0000000)
  object space 598528K, 86% used [0x00000000a0000000,0x00000000bfa3b998,0x00000000c4880000)
 Metaspace       used 119966K, capacity 128592K, committed 128660K, reserved 1161216K
  class space    used 14033K, capacity 15966K, committed 16020K, reserved 1048576K
}
Event: 10480.719 GC heap before
{Heap before GC invocations=150 (full 12):
 PSYoungGen      total 407552K, used 41683K [0x00000000e0000000, 0x0000000100000000, 0x0000000100000000)
  eden space 285696K, 0% used [0x00000000e0000000,0x00000000e0000000,0x00000000f1700000)
  from space 121856K, 34% used [0x00000000f8900000,0x00000000fb1b4d60,0x0000000100000000)
  to   space 116736K, 0% used [0x00000000f1700000,0x00000000f1700000,0x00000000f8900000)
 ParOldGen       total 598528K, used 518382K [0x00000000a0000000, 0x00000000c4880000, 0x00000000e0000000)
  object space 598528K, 86% used [0x00000000a0000000,0x00000000bfa3b998,0x00000000c4880000)
 Metaspace       used 119966K, capacity 128592K, committed 128660K, reserved 1161216K
  class space    used 14033K, capacity 15966K, committed 16020K, reserved 1048576K
Event: 10480.904 GC heap after
Heap after GC invocations=150 (full 12):
 PSYoungGen      total 407552K, used 0K [0x00000000e0000000, 0x0000000100000000, 0x0000000100000000)
  eden space 285696K, 0% used [0x00000000e0000000,0x00000000e0000000,0x00000000f1700000)
  from space 121856K, 0% used [0x00000000f8900000,0x00000000f8900000,0x0000000100000000)
  to   space 116736K, 0% used [0x00000000f1700000,0x00000000f1700000,0x00000000f8900000)
 ParOldGen       total 515072K, used 110011K [0x00000000a0000000, 0x00000000bf700000, 0x00000000e0000000)
  object space 515072K, 21% used [0x00000000a0000000,0x00000000a6b6ef28,0x00000000bf700000)
 Metaspace       used 111010K, capacity 119232K, committed 128660K, reserved 1161216K
  class space    used 13174K, capacity 15028K, committed 16020K, reserved 1048576K
}

